{
  "stats": {
    "suites": 8,
    "tests": 19,
    "passes": 10,
    "pending": 9,
    "failures": 0,
    "start": "2022-09-03T13:15:16.623Z",
    "end": "2022-09-03T13:15:37.044Z",
    "duration": 20421,
    "testsRegistered": 19,
    "passPercent": 100,
    "pendingPercent": 47.368421052631575,
    "other": 0,
    "hasOther": false,
    "skipped": 0,
    "hasSkipped": false
  },
  "results": [
    {
      "uuid": "b8382cc6-7597-4f1f-9265-a1abd7dbb9ad",
      "title": "",
      "fullFile": "",
      "file": "",
      "beforeHooks": [],
      "afterHooks": [],
      "tests": [],
      "suites": [
        {
          "uuid": "08ecddc5-bc50-480a-9b64-f9b85961041e",
          "title": "User Posts",
          "fullFile": "E:\\API-automatuion\\test\\posts.js",
          "file": "\\test\\posts.js",
          "beforeHooks": [
            {
              "title": "\"before all\" hook in \"User Posts\"",
              "fullTitle": "User Posts \"before all\" hook in \"User Posts\"",
              "timedOut": false,
              "duration": 828,
              "state": null,
              "speed": null,
              "pass": false,
              "fail": false,
              "pending": false,
              "context": null,
              "code": "userId = await createRandomUser();",
              "err": {},
              "uuid": "14491385-6c2a-47ad-bb64-f9b3f8da630a",
              "parentUUID": "08ecddc5-bc50-480a-9b64-f9b85961041e",
              "isHook": true,
              "skipped": false
            }
          ],
          "afterHooks": [],
          "tests": [
            {
              "title": "POST /posts",
              "fullTitle": "User Posts POST /posts",
              "timedOut": false,
              "duration": 4131,
              "state": "passed",
              "speed": "slow",
              "pass": true,
              "fail": false,
              "pending": false,
              "context": null,
              "code": "const data = {\n  user_id: userId,\n  title: faker.lorem.sentence(),\n  body: faker.lorem.paragraph(),\n};\nconst postRes = await request\n  .post(\"posts\")\n  .set(\"Authorization\", `Bearer ${TOKEN}`)\n  .send(data);\nconsole.log(postRes.body);\nexpect(postRes.body).to.deep.include(data);\npostId = postRes.body.id;\n//console.log(\"postId\", postId);",
              "err": {},
              "uuid": "c4f836ab-7fdf-4102-804f-ec492e4a2b72",
              "parentUUID": "08ecddc5-bc50-480a-9b64-f9b85961041e",
              "isHook": false,
              "skipped": false
            },
            {
              "title": "GET /posts/:id",
              "fullTitle": "User Posts GET /posts/:id",
              "timedOut": false,
              "duration": 479,
              "state": "passed",
              "speed": "slow",
              "pass": true,
              "fail": false,
              "pending": false,
              "context": null,
              "code": "const myposts = await request\n  //.get(\"posts/1333\")\n  .get(`posts/${postId}`)\n  .set(\"Authorization\", `Bearer${TOKEN}`)\n  .expect(404);\n//console.log(\"userId\", myposts.body.user_id);\n//console.log(\"postId \", myposts.body.id);",
              "err": {},
              "uuid": "9a8296eb-74c2-493e-9145-82d61a9a7a17",
              "parentUUID": "08ecddc5-bc50-480a-9b64-f9b85961041e",
              "isHook": false,
              "skipped": false
            }
          ],
          "suites": [
            {
              "uuid": "96508cda-003e-4d01-b81c-9ed5c5272931",
              "title": "Negative tests",
              "fullFile": "E:\\API-automatuion\\test\\posts.js",
              "file": "\\test\\posts.js",
              "beforeHooks": [],
              "afterHooks": [],
              "tests": [
                {
                  "title": "401 Authentication",
                  "fullTitle": "User Posts Negative tests 401 Authentication",
                  "timedOut": false,
                  "duration": 433,
                  "state": "passed",
                  "speed": "slow",
                  "pass": true,
                  "fail": false,
                  "pending": false,
                  "context": null,
                  "code": "const data = {\n  user_id: userId,\n  title: \"Svetlana Title\",\n  body: \"Svetlana blog post\",\n};\nconst postRes = await request.post(\"posts\").send(data);\nconsole.log(postRes.statusCode);\nconsole.log(postRes.body.message);\nexpect(postRes.statusCode).to.eq(401);\nexpect(postRes.body.message).to.eq(\"Authentication failed\");",
                  "err": {},
                  "uuid": "dca5358a-a173-4628-b6f1-4430a5241558",
                  "parentUUID": "96508cda-003e-4d01-b81c-9ed5c5272931",
                  "isHook": false,
                  "skipped": false
                },
                {
                  "title": "422 Validation failed",
                  "fullTitle": "User Posts Negative tests 422 Validation failed",
                  "timedOut": false,
                  "duration": 4770,
                  "state": "passed",
                  "speed": "slow",
                  "pass": true,
                  "fail": false,
                  "pending": false,
                  "context": null,
                  "code": "const data = {\n  user_id: userId,\n  title: \"Svetlana Title\",\n  //body: \"Svetlana blog post\",\n};\nconst postRes = await request\n  .post(\"posts\")\n  .set(\"Authorization\", `Bearer ${TOKEN}`)\n  .send(data);\nconsole.log(postRes.statusCode);\nconsole.log(postRes.body[0].message);\nexpect(postRes.statusCode).to.eq(422);\nexpect(postRes.body[0].field).to.eq(\"body\");\nexpect(postRes.body[0].message).to.eq(\"can't be blank\");",
                  "err": {},
                  "uuid": "2bf97f78-ea71-41e7-ae00-b774e13e7452",
                  "parentUUID": "96508cda-003e-4d01-b81c-9ed5c5272931",
                  "isHook": false,
                  "skipped": false
                }
              ],
              "suites": [],
              "passes": [
                "dca5358a-a173-4628-b6f1-4430a5241558",
                "2bf97f78-ea71-41e7-ae00-b774e13e7452"
              ],
              "failures": [],
              "pending": [],
              "skipped": [],
              "duration": 5203,
              "root": false,
              "rootEmpty": false,
              "_timeout": 5000
            }
          ],
          "passes": [
            "c4f836ab-7fdf-4102-804f-ec492e4a2b72",
            "9a8296eb-74c2-493e-9145-82d61a9a7a17"
          ],
          "failures": [],
          "pending": [],
          "skipped": [],
          "duration": 4610,
          "root": false,
          "rootEmpty": false,
          "_timeout": 5000
        },
        {
          "uuid": "e543bb10-bb88-42a9-9a5b-1fcc73027246",
          "title": "Users",
          "fullFile": "E:\\API-automatuion\\test\\users.js",
          "file": "\\test\\users.js",
          "beforeHooks": [],
          "afterHooks": [],
          "tests": [
            {
              "title": "GET /users",
              "fullTitle": "Users GET /users",
              "timedOut": false,
              "duration": 0,
              "state": "pending",
              "speed": null,
              "pass": false,
              "fail": false,
              "pending": true,
              "context": null,
              "code": "",
              "err": {},
              "uuid": "1bef5b0d-f4d0-49b3-b1a2-7c7604a87a9d",
              "parentUUID": "e543bb10-bb88-42a9-9a5b-1fcc73027246",
              "isHook": false,
              "skipped": false
            },
            {
              "title": "GET /users",
              "fullTitle": "Users GET /users",
              "timedOut": false,
              "duration": 0,
              "state": "pending",
              "speed": null,
              "pass": false,
              "fail": false,
              "pending": true,
              "context": null,
              "code": "",
              "err": {},
              "uuid": "381b11e3-a0ff-4a21-9e19-0ce39e17807e",
              "parentUUID": "e543bb10-bb88-42a9-9a5b-1fcc73027246",
              "isHook": false,
              "skipped": false
            },
            {
              "title": "GET /users/:id",
              "fullTitle": "Users GET /users/:id",
              "timedOut": false,
              "duration": 0,
              "state": "pending",
              "speed": null,
              "pass": false,
              "fail": false,
              "pending": true,
              "context": null,
              "code": "",
              "err": {},
              "uuid": "8f3afa45-e922-4993-ab4f-f00a32c27dd1",
              "parentUUID": "e543bb10-bb88-42a9-9a5b-1fcc73027246",
              "isHook": false,
              "skipped": false
            },
            {
              "title": "GET /users with query parameters",
              "fullTitle": "Users GET /users with query parameters",
              "timedOut": false,
              "duration": 0,
              "state": "pending",
              "speed": null,
              "pass": false,
              "fail": false,
              "pending": true,
              "context": null,
              "code": "",
              "err": {},
              "uuid": "36b40dfe-e7d0-4289-99dc-16efc6723379",
              "parentUUID": "e543bb10-bb88-42a9-9a5b-1fcc73027246",
              "isHook": false,
              "skipped": false
            },
            {
              "title": "POST /users",
              "fullTitle": "Users POST /users",
              "timedOut": false,
              "duration": 0,
              "state": "pending",
              "speed": null,
              "pass": false,
              "fail": false,
              "pending": true,
              "context": null,
              "code": "",
              "err": {},
              "uuid": "13078210-a3a9-4960-8f48-e2a652c0187c",
              "parentUUID": "e543bb10-bb88-42a9-9a5b-1fcc73027246",
              "isHook": false,
              "skipped": false
            },
            {
              "title": "POST /users - negative email",
              "fullTitle": "Users POST /users - negative email",
              "timedOut": false,
              "duration": 0,
              "state": "pending",
              "speed": null,
              "pass": false,
              "fail": false,
              "pending": true,
              "context": null,
              "code": "",
              "err": {},
              "uuid": "cb417c5c-9fc2-4a74-b894-050cabe2f6e0",
              "parentUUID": "e543bb10-bb88-42a9-9a5b-1fcc73027246",
              "isHook": false,
              "skipped": false
            },
            {
              "title": "POST /users - negative gender",
              "fullTitle": "Users POST /users - negative gender",
              "timedOut": false,
              "duration": 0,
              "state": "pending",
              "speed": null,
              "pass": false,
              "fail": false,
              "pending": true,
              "context": null,
              "code": "",
              "err": {},
              "uuid": "219dbfb0-4955-4274-ae7e-8eb3ee400fe7",
              "parentUUID": "e543bb10-bb88-42a9-9a5b-1fcc73027246",
              "isHook": false,
              "skipped": false
            },
            {
              "title": "PUT /users/:id",
              "fullTitle": "Users PUT /users/:id",
              "timedOut": false,
              "duration": 0,
              "state": "pending",
              "speed": null,
              "pass": false,
              "fail": false,
              "pending": true,
              "context": null,
              "code": "",
              "err": {},
              "uuid": "24e9ef49-57aa-4329-99e6-999b4c107f54",
              "parentUUID": "e543bb10-bb88-42a9-9a5b-1fcc73027246",
              "isHook": false,
              "skipped": false
            },
            {
              "title": "DELETE /users",
              "fullTitle": "Users DELETE /users",
              "timedOut": false,
              "duration": 0,
              "state": "pending",
              "speed": null,
              "pass": false,
              "fail": false,
              "pending": true,
              "context": null,
              "code": "",
              "err": {},
              "uuid": "05f818b8-d252-4446-9921-74a7897b9350",
              "parentUUID": "e543bb10-bb88-42a9-9a5b-1fcc73027246",
              "isHook": false,
              "skipped": false
            }
          ],
          "suites": [],
          "passes": [],
          "failures": [],
          "pending": [
            "1bef5b0d-f4d0-49b3-b1a2-7c7604a87a9d",
            "381b11e3-a0ff-4a21-9e19-0ce39e17807e",
            "8f3afa45-e922-4993-ab4f-f00a32c27dd1",
            "36b40dfe-e7d0-4289-99dc-16efc6723379",
            "13078210-a3a9-4960-8f48-e2a652c0187c",
            "cb417c5c-9fc2-4a74-b894-050cabe2f6e0",
            "219dbfb0-4955-4274-ae7e-8eb3ee400fe7",
            "24e9ef49-57aa-4329-99e6-999b4c107f54",
            "05f818b8-d252-4446-9921-74a7897b9350"
          ],
          "skipped": [],
          "duration": 0,
          "root": false,
          "rootEmpty": false,
          "_timeout": 5000
        },
        {
          "uuid": "2ef7fd5a-ba8f-4242-bdb4-21e60e14ccd9",
          "title": "Users",
          "fullFile": "E:\\API-automatuion\\test\\usersOpt.js",
          "file": "\\test\\usersOpt.js",
          "beforeHooks": [],
          "afterHooks": [],
          "tests": [],
          "suites": [
            {
              "uuid": "c30ca501-386c-4d97-8599-846e544d5671",
              "title": "POST",
              "fullFile": "E:\\API-automatuion\\test\\usersOpt.js",
              "file": "\\test\\usersOpt.js",
              "beforeHooks": [],
              "afterHooks": [],
              "tests": [
                {
                  "title": " /users",
                  "fullTitle": "Users POST  /users",
                  "timedOut": false,
                  "duration": 841,
                  "state": "passed",
                  "speed": "slow",
                  "pass": true,
                  "fail": false,
                  "pending": false,
                  "context": null,
                  "code": "const data = {\n  email: `test-${Math.floor(Math.random() * 855)}@gmail.com`,\n  name: \"svetlana\",\n  gender: \"female\",\n  status: \"active\",\n};\nreturn await request\n  .post(\"users\")\n  .set(\"Authorization\", `Bearer ${TOKEN}`)\n  .send(data)\n  .then((res) => {\n    console.log(res.body);\n    expect(res.body).to.deep.include(data);\n    userId = res.body.id;\n    console.log(userId);\n  });",
                  "err": {},
                  "uuid": "dbc058c3-7417-45d7-b68f-139d21d72184",
                  "parentUUID": "c30ca501-386c-4d97-8599-846e544d5671",
                  "isHook": false,
                  "skipped": false
                }
              ],
              "suites": [],
              "passes": [
                "dbc058c3-7417-45d7-b68f-139d21d72184"
              ],
              "failures": [],
              "pending": [],
              "skipped": [],
              "duration": 841,
              "root": false,
              "rootEmpty": false,
              "_timeout": 5000
            },
            {
              "uuid": "5c975cd1-b1ba-40e8-8663-22db9caf0b32",
              "title": "GET",
              "fullFile": "E:\\API-automatuion\\test\\usersOpt.js",
              "file": "\\test\\usersOpt.js",
              "beforeHooks": [],
              "afterHooks": [],
              "tests": [
                {
                  "title": "/users",
                  "fullTitle": "Users GET /users",
                  "timedOut": false,
                  "duration": 554,
                  "state": "passed",
                  "speed": "slow",
                  "pass": true,
                  "fail": false,
                  "pending": false,
                  "context": null,
                  "code": "return request.get(`users?access-token=${TOKEN}`).then((res) => {\n  expect(res.body).to.not.be.empty;\n});",
                  "err": {},
                  "uuid": "345f3daf-158c-4f20-afb7-346e5cad6cda",
                  "parentUUID": "5c975cd1-b1ba-40e8-8663-22db9caf0b32",
                  "isHook": false,
                  "skipped": false
                },
                {
                  "title": "/users/:id",
                  "fullTitle": "Users GET /users/:id",
                  "timedOut": false,
                  "duration": 3014,
                  "state": "passed",
                  "speed": "slow",
                  "pass": true,
                  "fail": false,
                  "pending": false,
                  "context": null,
                  "code": "return request\n  .get(`users/${userId}?access-token=${TOKEN}`)\n  .then((res) => {\n    expect(res.body.id).to.be.eq(userId);\n  });",
                  "err": {},
                  "uuid": "7ebcc042-a47d-49f7-ba7e-873065fa211d",
                  "parentUUID": "5c975cd1-b1ba-40e8-8663-22db9caf0b32",
                  "isHook": false,
                  "skipped": false
                },
                {
                  "title": "/users with query parameters",
                  "fullTitle": "Users GET /users with query parameters",
                  "timedOut": false,
                  "duration": 3962,
                  "state": "passed",
                  "speed": "slow",
                  "pass": true,
                  "fail": false,
                  "pending": false,
                  "context": null,
                  "code": "const url = `users?access-token=${TOKEN}&page=8&gender=female&status=active`;\nreturn request.get(url).then((res) => {\n  expect(res.body).to.not.be.empty;\n  //console.log(res.body);\n  res.body.forEach((data) => {\n    expect(data.gender).to.eq(\"female\");\n    expect(data.status).to.eq(\"active\");\n  });\n});",
                  "err": {},
                  "uuid": "22b5f48b-95ad-401b-b495-fa03cda9ca5a",
                  "parentUUID": "5c975cd1-b1ba-40e8-8663-22db9caf0b32",
                  "isHook": false,
                  "skipped": false
                }
              ],
              "suites": [],
              "passes": [
                "345f3daf-158c-4f20-afb7-346e5cad6cda",
                "7ebcc042-a47d-49f7-ba7e-873065fa211d",
                "22b5f48b-95ad-401b-b495-fa03cda9ca5a"
              ],
              "failures": [],
              "pending": [],
              "skipped": [],
              "duration": 7530,
              "root": false,
              "rootEmpty": false,
              "_timeout": 5000
            },
            {
              "uuid": "f6adeea1-092a-481f-8930-2f18e520e387",
              "title": "PUT",
              "fullFile": "E:\\API-automatuion\\test\\usersOpt.js",
              "file": "\\test\\usersOpt.js",
              "beforeHooks": [],
              "afterHooks": [],
              "tests": [
                {
                  "title": "/users/:id",
                  "fullTitle": "Users PUT /users/:id",
                  "timedOut": false,
                  "duration": 412,
                  "state": "passed",
                  "speed": "slow",
                  "pass": true,
                  "fail": false,
                  "pending": false,
                  "context": null,
                  "code": "const data = {\n  status: \"active\",\n  name: `sveta-${Math.floor(Math.random() * 855)}`,\n};\nreturn await request\n  .put(`/users/${userId}`)\n  .set(\"Authorization\", `Bearer ${TOKEN}`)\n  .send(data)\n  .then((res) => {\n    console.log(res.body);\n    expect(res.body).to.deep.include(data);\n  });",
                  "err": {},
                  "uuid": "9a7291dc-9d08-4761-bac7-e75d33f338ee",
                  "parentUUID": "f6adeea1-092a-481f-8930-2f18e520e387",
                  "isHook": false,
                  "skipped": false
                }
              ],
              "suites": [],
              "passes": [
                "9a7291dc-9d08-4761-bac7-e75d33f338ee"
              ],
              "failures": [],
              "pending": [],
              "skipped": [],
              "duration": 412,
              "root": false,
              "rootEmpty": false,
              "_timeout": 5000
            },
            {
              "uuid": "185e50f6-bf05-4710-8619-d9e84b78a4f2",
              "title": "DELETE",
              "fullFile": "E:\\API-automatuion\\test\\usersOpt.js",
              "file": "\\test\\usersOpt.js",
              "beforeHooks": [],
              "afterHooks": [],
              "tests": [
                {
                  "title": "/users",
                  "fullTitle": "Users DELETE /users",
                  "timedOut": false,
                  "duration": 969,
                  "state": "passed",
                  "speed": "slow",
                  "pass": true,
                  "fail": false,
                  "pending": false,
                  "context": null,
                  "code": "const message = { message: \"Resource not found\" };\nreturn request\n  .delete(`users/${userId}`)\n  .set(\"Authorization\", `Barer ${TOKEN}`)\n  .then((res) => {\n    expect(res.body).to.deep.include(message);\n    expect(res.body.message).to.eq(\"Resource not found\");\n    expect(res.statusCode).to.eq(404);\n  });",
                  "err": {},
                  "uuid": "86f6e854-b476-4977-b9cf-f9750f811a26",
                  "parentUUID": "185e50f6-bf05-4710-8619-d9e84b78a4f2",
                  "isHook": false,
                  "skipped": false
                }
              ],
              "suites": [],
              "passes": [
                "86f6e854-b476-4977-b9cf-f9750f811a26"
              ],
              "failures": [],
              "pending": [],
              "skipped": [],
              "duration": 969,
              "root": false,
              "rootEmpty": false,
              "_timeout": 5000
            }
          ],
          "passes": [],
          "failures": [],
          "pending": [],
          "skipped": [],
          "duration": 0,
          "root": false,
          "rootEmpty": false,
          "_timeout": 5000
        }
      ],
      "passes": [],
      "failures": [],
      "pending": [],
      "skipped": [],
      "duration": 0,
      "root": true,
      "rootEmpty": true,
      "_timeout": 5000
    }
  ],
  "meta": {
    "mocha": {
      "version": "10.0.0"
    },
    "mochawesome": {
      "options": {
        "quiet": false,
        "reportFilename": "mochawesome",
        "saveHtml": true,
        "saveJson": true,
        "consoleReporter": "spec",
        "useInlineDiffs": false,
        "code": true
      },
      "version": "7.1.3"
    },
    "marge": {
      "options": null,
      "version": "6.2.0"
    }
  }
}