{
  "stats": {
    "suites": 8,
    "tests": 18,
    "passes": 10,
    "pending": 8,
    "failures": 0,
    "start": "2022-11-14T19:21:06.948Z",
    "end": "2022-11-14T19:21:32.984Z",
    "duration": 26036,
    "testsRegistered": 18,
    "passPercent": 100,
    "pendingPercent": 44.44444444444444,
    "other": 0,
    "hasOther": false,
    "skipped": 0,
    "hasSkipped": false
  },
  "results": [
    {
      "uuid": "8672b6d4-65c9-4dd7-bde5-0753fe57a64f",
      "title": "",
      "fullFile": "",
      "file": "",
      "beforeHooks": [],
      "afterHooks": [],
      "tests": [],
      "suites": [
        {
          "uuid": "4ce0be55-6a1a-40ed-aa1e-f535bf729a82",
          "title": "User Posts",
          "fullFile": "D:\\Documents\\GitHub\\api-automation\\test\\posts.js",
          "file": "\\test\\posts.js",
          "beforeHooks": [
            {
              "title": "\"before all\" hook in \"User Posts\"",
              "fullTitle": "User Posts \"before all\" hook in \"User Posts\"",
              "timedOut": false,
              "duration": 3825,
              "state": null,
              "speed": null,
              "pass": false,
              "fail": false,
              "pending": false,
              "context": null,
              "code": "//userId = await createRandomUser();\nuserId = await createRandomUserWithFaker();",
              "err": {},
              "uuid": "7aa76b8f-a5c1-4f87-995f-84e558d3eed6",
              "parentUUID": "4ce0be55-6a1a-40ed-aa1e-f535bf729a82",
              "isHook": true,
              "skipped": false
            }
          ],
          "afterHooks": [],
          "tests": [
            {
              "title": "POST /posts",
              "fullTitle": "User Posts POST /posts",
              "timedOut": false,
              "duration": 2417,
              "state": "passed",
              "speed": "slow",
              "pass": true,
              "fail": false,
              "pending": false,
              "context": null,
              "code": "const data = {\n  user_id: userId,\n  title: faker.lorem.sentence(),\n  body: faker.lorem.paragraph(),\n};\nconst postRes = await request\n  .post(\"posts\")\n  .set(\"Authorization\", `Bearer ${TOKEN}`)\n  .send(data);\nconsole.log(postRes.body);\nexpect(postRes.body).to.deep.include(data);\npostId = postRes.body.id;\n//console.log(\"postId\", postId);",
              "err": {},
              "uuid": "793937c1-7b8c-417d-9484-70f58d07dc8a",
              "parentUUID": "4ce0be55-6a1a-40ed-aa1e-f535bf729a82",
              "isHook": false,
              "skipped": false
            },
            {
              "title": "GET /posts/:id",
              "fullTitle": "User Posts GET /posts/:id",
              "timedOut": false,
              "duration": 879,
              "state": "passed",
              "speed": "slow",
              "pass": true,
              "fail": false,
              "pending": false,
              "context": null,
              "code": "const myposts = await request\n  .get(`posts/${postId}`)\n  .set(\"Authorization\", `Bearer ${TOKEN}`)\n  .expect(200);\n  \n//console.log(\"userId\", myposts.body.user_id);\n//console.log(\"postId \", myposts.body.id);",
              "err": {},
              "uuid": "13014fea-2f85-4afb-9e69-aed54dd23463",
              "parentUUID": "4ce0be55-6a1a-40ed-aa1e-f535bf729a82",
              "isHook": false,
              "skipped": false
            }
          ],
          "suites": [
            {
              "uuid": "6733ed91-35d5-4a42-919c-b1b69d9ba036",
              "title": "Negative tests",
              "fullFile": "D:\\Documents\\GitHub\\api-automation\\test\\posts.js",
              "file": "\\test\\posts.js",
              "beforeHooks": [],
              "afterHooks": [],
              "tests": [
                {
                  "title": "401 Authentication",
                  "fullTitle": "User Posts Negative tests 401 Authentication",
                  "timedOut": false,
                  "duration": 2768,
                  "state": "passed",
                  "speed": "slow",
                  "pass": true,
                  "fail": false,
                  "pending": false,
                  "context": null,
                  "code": "const data = {\n  user_id: userId,\n  title: \"Svetlana Title\",\n  body: \"Svetlana blog post\",\n};\nconst postRes = await request.post(\"posts\").send(data);\nconsole.log(postRes.statusCode);\nconsole.log(postRes.body.message);\nexpect(postRes.statusCode).to.eq(401);\nexpect(postRes.body.message).to.eq(\"Authentication failed\");",
                  "err": {},
                  "uuid": "5cafd7c2-bda8-47f7-8911-0a01432ea3e5",
                  "parentUUID": "6733ed91-35d5-4a42-919c-b1b69d9ba036",
                  "isHook": false,
                  "skipped": false
                },
                {
                  "title": "422 Validation failed",
                  "fullTitle": "User Posts Negative tests 422 Validation failed",
                  "timedOut": false,
                  "duration": 3007,
                  "state": "passed",
                  "speed": "slow",
                  "pass": true,
                  "fail": false,
                  "pending": false,
                  "context": null,
                  "code": "const data = {\n  user_id: userId,\n  title: \"Svetlana Title\",\n  //body: \"Svetlana blog post\",\n};\nconst postRes = await request\n  .post(\"posts\")\n  .set(\"Authorization\", `Bearer ${TOKEN}`)\n  .send(data);\nconsole.log(postRes.statusCode);\nconsole.log(postRes.body[0].message);\n//console.log(postRes.body);\nexpect(postRes.statusCode).to.eq(422);\nexpect(postRes.body[0].field).to.eq(\"body\");\nexpect(postRes.body[0].message).to.eq(\"can't be blank\");",
                  "err": {},
                  "uuid": "6e15507c-f46d-4710-b2da-ff0e7864565c",
                  "parentUUID": "6733ed91-35d5-4a42-919c-b1b69d9ba036",
                  "isHook": false,
                  "skipped": false
                }
              ],
              "suites": [],
              "passes": [
                "5cafd7c2-bda8-47f7-8911-0a01432ea3e5",
                "6e15507c-f46d-4710-b2da-ff0e7864565c"
              ],
              "failures": [],
              "pending": [],
              "skipped": [],
              "duration": 5775,
              "root": false,
              "rootEmpty": false,
              "_timeout": 5000
            }
          ],
          "passes": [
            "793937c1-7b8c-417d-9484-70f58d07dc8a",
            "13014fea-2f85-4afb-9e69-aed54dd23463"
          ],
          "failures": [],
          "pending": [],
          "skipped": [],
          "duration": 3296,
          "root": false,
          "rootEmpty": false,
          "_timeout": 5000
        },
        {
          "uuid": "f8a40e34-afe8-4f34-af8b-e2d10e5232ec",
          "title": "Users",
          "fullFile": "D:\\Documents\\GitHub\\api-automation\\test\\users.js",
          "file": "\\test\\users.js",
          "beforeHooks": [],
          "afterHooks": [],
          "tests": [
            {
              "title": "GET /users",
              "fullTitle": "Users GET /users",
              "timedOut": false,
              "duration": 0,
              "state": "pending",
              "speed": null,
              "pass": false,
              "fail": false,
              "pending": true,
              "context": null,
              "code": "",
              "err": {},
              "uuid": "8cb12bcf-d78d-4dac-bd7b-136c2f3bc5b9",
              "parentUUID": "f8a40e34-afe8-4f34-af8b-e2d10e5232ec",
              "isHook": false,
              "skipped": false
            },
            {
              "title": "GET /users/:id",
              "fullTitle": "Users GET /users/:id",
              "timedOut": false,
              "duration": 0,
              "state": "pending",
              "speed": null,
              "pass": false,
              "fail": false,
              "pending": true,
              "context": null,
              "code": "",
              "err": {},
              "uuid": "6745fa6a-14b8-45c6-8daa-1d4d1c9699ef",
              "parentUUID": "f8a40e34-afe8-4f34-af8b-e2d10e5232ec",
              "isHook": false,
              "skipped": false
            },
            {
              "title": "GET /users with query params",
              "fullTitle": "Users GET /users with query params",
              "timedOut": false,
              "duration": 0,
              "state": "pending",
              "speed": null,
              "pass": false,
              "fail": false,
              "pending": true,
              "context": null,
              "code": "",
              "err": {},
              "uuid": "899aea4f-34e4-4af5-b032-eceed7bd2253",
              "parentUUID": "f8a40e34-afe8-4f34-af8b-e2d10e5232ec",
              "isHook": false,
              "skipped": false
            },
            {
              "title": "POST /users",
              "fullTitle": "Users POST /users",
              "timedOut": false,
              "duration": 0,
              "state": "pending",
              "speed": null,
              "pass": false,
              "fail": false,
              "pending": true,
              "context": null,
              "code": "",
              "err": {},
              "uuid": "83c2b631-17bf-4076-8562-6a82352ec052",
              "parentUUID": "f8a40e34-afe8-4f34-af8b-e2d10e5232ec",
              "isHook": false,
              "skipped": false
            },
            {
              "title": "POST /users - negative email",
              "fullTitle": "Users POST /users - negative email",
              "timedOut": false,
              "duration": 0,
              "state": "pending",
              "speed": null,
              "pass": false,
              "fail": false,
              "pending": true,
              "context": null,
              "code": "",
              "err": {},
              "uuid": "42f52ae1-6469-467e-87e0-3b8be0e40001",
              "parentUUID": "f8a40e34-afe8-4f34-af8b-e2d10e5232ec",
              "isHook": false,
              "skipped": false
            },
            {
              "title": "POST /users - negative gender",
              "fullTitle": "Users POST /users - negative gender",
              "timedOut": false,
              "duration": 0,
              "state": "pending",
              "speed": null,
              "pass": false,
              "fail": false,
              "pending": true,
              "context": null,
              "code": "",
              "err": {},
              "uuid": "84b321ad-2b88-44c3-a4c5-2d7553d434ca",
              "parentUUID": "f8a40e34-afe8-4f34-af8b-e2d10e5232ec",
              "isHook": false,
              "skipped": false
            },
            {
              "title": "PUT /users/:id",
              "fullTitle": "Users PUT /users/:id",
              "timedOut": false,
              "duration": 0,
              "state": "pending",
              "speed": null,
              "pass": false,
              "fail": false,
              "pending": true,
              "context": null,
              "code": "",
              "err": {},
              "uuid": "721057a6-ebb9-4aca-81db-163af5042898",
              "parentUUID": "f8a40e34-afe8-4f34-af8b-e2d10e5232ec",
              "isHook": false,
              "skipped": false
            },
            {
              "title": "DELETE /users",
              "fullTitle": "Users DELETE /users",
              "timedOut": false,
              "duration": 0,
              "state": "pending",
              "speed": null,
              "pass": false,
              "fail": false,
              "pending": true,
              "context": null,
              "code": "",
              "err": {},
              "uuid": "d9d5b46a-0334-40a1-844b-2b1c9f579db2",
              "parentUUID": "f8a40e34-afe8-4f34-af8b-e2d10e5232ec",
              "isHook": false,
              "skipped": false
            }
          ],
          "suites": [],
          "passes": [],
          "failures": [],
          "pending": [
            "8cb12bcf-d78d-4dac-bd7b-136c2f3bc5b9",
            "6745fa6a-14b8-45c6-8daa-1d4d1c9699ef",
            "899aea4f-34e4-4af5-b032-eceed7bd2253",
            "83c2b631-17bf-4076-8562-6a82352ec052",
            "42f52ae1-6469-467e-87e0-3b8be0e40001",
            "84b321ad-2b88-44c3-a4c5-2d7553d434ca",
            "721057a6-ebb9-4aca-81db-163af5042898",
            "d9d5b46a-0334-40a1-844b-2b1c9f579db2"
          ],
          "skipped": [],
          "duration": 0,
          "root": false,
          "rootEmpty": false,
          "_timeout": 5000
        },
        {
          "uuid": "0b22ad98-b7c7-4a80-8d4e-60a19ff657ef",
          "title": "Users",
          "fullFile": "D:\\Documents\\GitHub\\api-automation\\test\\usersOpt.js",
          "file": "\\test\\usersOpt.js",
          "beforeHooks": [],
          "afterHooks": [],
          "tests": [],
          "suites": [
            {
              "uuid": "7b057ca6-4d28-46b3-9ec2-e5acdfebdafa",
              "title": "POST",
              "fullFile": "D:\\Documents\\GitHub\\api-automation\\test\\usersOpt.js",
              "file": "\\test\\usersOpt.js",
              "beforeHooks": [],
              "afterHooks": [],
              "tests": [
                {
                  "title": " /users",
                  "fullTitle": "Users POST  /users",
                  "timedOut": false,
                  "duration": 3037,
                  "state": "passed",
                  "speed": "slow",
                  "pass": true,
                  "fail": false,
                  "pending": false,
                  "context": null,
                  "code": "const data = {\n  email: `test+${Math.floor(Math.random() * 855)}@gmail.com`,\n  name: \"svetlana\",\n  gender: \"female\",\n  status: \"active\",\n};\nreturn await request\n  .post(\"users\")\n  .set(\"Authorization\", `Bearer ${TOKEN}`)\n  .send(data)\n  .then((res) => {\n    console.log(res.body);\n    expect(res.body).to.deep.include(data);\n    userId = res.body.id;\n    console.log(userId);\n  });",
                  "err": {},
                  "uuid": "dd7d34fe-43cf-4d63-baf0-bf68b1ee9380",
                  "parentUUID": "7b057ca6-4d28-46b3-9ec2-e5acdfebdafa",
                  "isHook": false,
                  "skipped": false
                }
              ],
              "suites": [],
              "passes": [
                "dd7d34fe-43cf-4d63-baf0-bf68b1ee9380"
              ],
              "failures": [],
              "pending": [],
              "skipped": [],
              "duration": 3037,
              "root": false,
              "rootEmpty": false,
              "_timeout": 5000
            },
            {
              "uuid": "148a2f46-4aaf-4316-b771-784810a11e68",
              "title": "GET",
              "fullFile": "D:\\Documents\\GitHub\\api-automation\\test\\usersOpt.js",
              "file": "\\test\\usersOpt.js",
              "beforeHooks": [],
              "afterHooks": [],
              "tests": [
                {
                  "title": "/users",
                  "fullTitle": "Users GET /users",
                  "timedOut": false,
                  "duration": 1870,
                  "state": "passed",
                  "speed": "slow",
                  "pass": true,
                  "fail": false,
                  "pending": false,
                  "context": null,
                  "code": "return request.get(`users?access-token=${TOKEN}`).then((res) => {\n  expect(res.body).to.not.be.empty;\n});",
                  "err": {},
                  "uuid": "9de5746e-da45-4ce0-8a50-ec0c631b775a",
                  "parentUUID": "148a2f46-4aaf-4316-b771-784810a11e68",
                  "isHook": false,
                  "skipped": false
                },
                {
                  "title": "/users/:id",
                  "fullTitle": "Users GET /users/:id",
                  "timedOut": false,
                  "duration": 762,
                  "state": "passed",
                  "speed": "slow",
                  "pass": true,
                  "fail": false,
                  "pending": false,
                  "context": null,
                  "code": "return request\n  .get(`users/${userId}?access-token=${TOKEN}`)\n  .then((res) => {\n    console.log(res.body.id)\n    expect(res.body.id).to.be.eq(userId);\n  });",
                  "err": {},
                  "uuid": "ac814412-a01e-4f37-ade0-f9889907cd81",
                  "parentUUID": "148a2f46-4aaf-4316-b771-784810a11e68",
                  "isHook": false,
                  "skipped": false
                },
                {
                  "title": "/users with query parameters",
                  "fullTitle": "Users GET /users with query parameters",
                  "timedOut": false,
                  "duration": 2399,
                  "state": "passed",
                  "speed": "slow",
                  "pass": true,
                  "fail": false,
                  "pending": false,
                  "context": null,
                  "code": "const url = `users?access-token=${TOKEN}&page=8&gender=female&status=active`;\nreturn request.get(url).then((res) => {\n  expect(res.body).to.not.be.empty;\n  //console.log(res.body);\n  res.body.forEach((data) => {\n    expect(data.gender).to.eq(\"female\");\n    expect(data.status).to.eq(\"active\");\n  });\n});",
                  "err": {},
                  "uuid": "412e368e-1632-4d52-a3c1-966ed257a990",
                  "parentUUID": "148a2f46-4aaf-4316-b771-784810a11e68",
                  "isHook": false,
                  "skipped": false
                }
              ],
              "suites": [],
              "passes": [
                "9de5746e-da45-4ce0-8a50-ec0c631b775a",
                "ac814412-a01e-4f37-ade0-f9889907cd81",
                "412e368e-1632-4d52-a3c1-966ed257a990"
              ],
              "failures": [],
              "pending": [],
              "skipped": [],
              "duration": 5031,
              "root": false,
              "rootEmpty": false,
              "_timeout": 5000
            },
            {
              "uuid": "6ccad3a6-b42a-41c2-bd29-59cfe1b07c63",
              "title": "PUT",
              "fullFile": "D:\\Documents\\GitHub\\api-automation\\test\\usersOpt.js",
              "file": "\\test\\usersOpt.js",
              "beforeHooks": [],
              "afterHooks": [],
              "tests": [
                {
                  "title": "/users/:id",
                  "fullTitle": "Users PUT /users/:id",
                  "timedOut": false,
                  "duration": 2718,
                  "state": "passed",
                  "speed": "slow",
                  "pass": true,
                  "fail": false,
                  "pending": false,
                  "context": null,
                  "code": "const data = {\n  status: \"active\",\n  name: `sveta-${Math.floor(Math.random() * 855)}`,\n};\nreturn await request\n  .put(`/users/${userId}`)\n  .set(\"Authorization\", `Bearer ${TOKEN}`)\n  .send(data)\n  .then((res) => {\n    console.log(res.body.id);\n    expect(res.body).to.deep.include(data);\n  });",
                  "err": {},
                  "uuid": "937290f6-8636-4933-9aa9-a5183620b01c",
                  "parentUUID": "6ccad3a6-b42a-41c2-bd29-59cfe1b07c63",
                  "isHook": false,
                  "skipped": false
                }
              ],
              "suites": [],
              "passes": [
                "937290f6-8636-4933-9aa9-a5183620b01c"
              ],
              "failures": [],
              "pending": [],
              "skipped": [],
              "duration": 2718,
              "root": false,
              "rootEmpty": false,
              "_timeout": 5000
            },
            {
              "uuid": "e4f7320e-babc-421f-ae79-814adbf82c47",
              "title": "DELETE",
              "fullFile": "D:\\Documents\\GitHub\\api-automation\\test\\usersOpt.js",
              "file": "\\test\\usersOpt.js",
              "beforeHooks": [],
              "afterHooks": [],
              "tests": [
                {
                  "title": "/users",
                  "fullTitle": "Users DELETE /users",
                  "timedOut": false,
                  "duration": 2332,
                  "state": "passed",
                  "speed": "slow",
                  "pass": true,
                  "fail": false,
                  "pending": false,
                  "context": null,
                  "code": "const message = { message: \"Resource not found\" };\nreturn request\n  .delete(`users/${userId}`)\n  .set(\"Authorization\", `Barer ${TOKEN}`)\n  .then((res) => {\n    expect(res.body).to.deep.include(message);\n    expect(res.body.message).to.eq(\"Resource not found\");\n    expect(res.statusCode).to.eq(404);\n  });",
                  "err": {},
                  "uuid": "1c2cfebe-2a6c-4a3b-a48d-57d058e96fb2",
                  "parentUUID": "e4f7320e-babc-421f-ae79-814adbf82c47",
                  "isHook": false,
                  "skipped": false
                }
              ],
              "suites": [],
              "passes": [
                "1c2cfebe-2a6c-4a3b-a48d-57d058e96fb2"
              ],
              "failures": [],
              "pending": [],
              "skipped": [],
              "duration": 2332,
              "root": false,
              "rootEmpty": false,
              "_timeout": 5000
            }
          ],
          "passes": [],
          "failures": [],
          "pending": [],
          "skipped": [],
          "duration": 0,
          "root": false,
          "rootEmpty": false,
          "_timeout": 5000
        }
      ],
      "passes": [],
      "failures": [],
      "pending": [],
      "skipped": [],
      "duration": 0,
      "root": true,
      "rootEmpty": true,
      "_timeout": 5000
    }
  ],
  "meta": {
    "mocha": {
      "version": "10.0.0"
    },
    "mochawesome": {
      "options": {
        "quiet": false,
        "reportFilename": "mochawesome",
        "saveHtml": true,
        "saveJson": true,
        "consoleReporter": "spec",
        "useInlineDiffs": false,
        "code": true
      },
      "version": "7.1.3"
    },
    "marge": {
      "options": null,
      "version": "6.2.0"
    }
  }
}